[07:25:00] [ServerMain/INFO]: Environment: authHost='https://authserver.mojang.com', accountsHost='https://api.mojang.com', sessionHost='https://sessionserver.mojang.com', servicesHost='https://api.minecraftservices.com', name='PROD'
[07:25:00] [ServerMain/INFO]: Found new data pack file/bukkit, loading it automatically
[07:25:01] [ServerMain/INFO]: Loaded 7 recipes
[07:25:02] [Server thread/INFO]: Starting minecraft server version 1.20.1
[07:25:02] [Server thread/INFO]: Loading properties
[07:25:02] [Server thread/INFO]: This server is running Paper version git-Paper-196 (MC: 1.20.1) (Implementing API version 1.20.1-R0.1-SNAPSHOT) (Git: 773dd72)
[07:25:02] [Server thread/INFO]: Server Ping Player Sample Count: 12
[07:25:02] [Server thread/INFO]: Using 4 threads for Netty based IO
[07:25:02] [Server thread/INFO]: [ChunkTaskScheduler] Chunk system is using 1 I/O threads, 1 worker threads, and gen parallelism of 1 threads
[07:25:02] [Server thread/WARN]: [!] The timings profiler has been enabled but has been scheduled for removal from Paper in the future.
    We recommend installing the spark profiler as a replacement: https://spark.lucko.me/
    For more information please visit: https://github.com/PaperMC/Paper/issues/8948
[07:25:03] [Server thread/INFO]: Default game type: SURVIVAL
[07:25:03] [Server thread/INFO]: Generating keypair
[07:25:03] [Server thread/INFO]: Starting Minecraft server on *:25565
[07:25:03] [Server thread/INFO]: Using epoll channel type
[07:25:03] [Server thread/INFO]: Paper: Using libdeflate (Linux x86_64) compression from Velocity.
[07:25:03] [Server thread/INFO]: Paper: Using OpenSSL 1.1.x (Linux x86_64) cipher from Velocity.
[07:25:03] [Server thread/WARN]: **** SERVER IS RUNNING IN OFFLINE/INSECURE MODE!
[07:25:03] [Server thread/WARN]: The server will make no attempt to authenticate usernames. Beware.
[07:25:03] [Server thread/WARN]: While this makes the game possible to play without internet access, it also opens up the ability for hackers to connect with any username they choose.
[07:25:03] [Server thread/WARN]: To change this, set "online-mode" to "true" in the server.properties file.
[07:25:03] [Server thread/INFO]: Preparing level "world"
[07:25:13] [Server thread/INFO]: Preparing start region for dimension minecraft:overworld
[07:25:13] [Server thread/INFO]: Time elapsed: 110 ms
[07:25:13] [Server thread/INFO]: Preparing start region for dimension minecraft:the_nether
[07:25:13] [Server thread/INFO]: Time elapsed: 116 ms
[07:25:13] [Server thread/INFO]: Preparing start region for dimension minecraft:the_end
[07:25:13] [Server thread/INFO]: Time elapsed: 61 ms
[07:25:13] [Server thread/INFO]: Running delayed init tasks
[07:25:13] [Server thread/INFO]: Done (11.436s)! For help, type "help"
[07:25:13] [Server thread/INFO]: Timings Reset
[07:25:22] [Server thread/INFO]: --------- Help: Index ---------------------------
[07:25:22] [Server thread/INFO]: Use /help [n] to get page n of help.
[07:25:22] [Server thread/INFO]: Aliases: Lists command aliases
[07:25:22] [Server thread/INFO]: Bukkit: All commands for Bukkit
[07:25:22] [Server thread/INFO]: Minecraft: All commands for Minecraft
[07:25:22] [Server thread/INFO]: /advancement: A Mojang provided command.
[07:25:22] [Server thread/INFO]: /attribute: A Mojang provided command.
[07:25:22] [Server thread/INFO]: /ban: A Mojang provided command.
[07:25:22] [Server thread/INFO]: /ban-ip: A Mojang provided command.
[07:25:22] [Server thread/INFO]: /banlist: A Mojang provided command.
[07:25:22] [Server thread/INFO]: /bossbar: A Mojang provided command.
[07:25:22] [Server thread/INFO]: /callback: ClickEvent callback
[07:25:22] [Server thread/INFO]: /clear: A Mojang provided command.
[07:25:22] [Server thread/INFO]: /clone: A Mojang provided command.
[07:25:22] [Server thread/INFO]: /damage: A Mojang provided command.
[07:25:22] [Server thread/INFO]: /data: A Mojang provided command.
[07:25:22] [Server thread/INFO]: /datapack: A Mojang provided command.
[07:25:22] [Server thread/INFO]: /debug: A Mojang provided command.
[07:25:22] [Server thread/INFO]: /defaultgamemode: A Mojang provided command.
[07:25:22] [Server thread/INFO]: /deop: A Mojang provided command.
[07:25:22] [Server thread/INFO]: /difficulty: A Mojang provided command.
[07:25:22] [Server thread/INFO]: /effect: A Mojang provided command.
[07:25:22] [Server thread/INFO]: /enchant: A Mojang provided command.
[07:25:22] [Server thread/INFO]: /execute: A Mojang provided command.
[07:25:22] [Server thread/INFO]: /experience: A Mojang provided command.
[07:25:22] [Server thread/INFO]: /fill: A Mojang provided command.
[07:25:22] [Server thread/INFO]: /fillbiome: A Mojang provided command.
[07:25:22] [Server thread/INFO]: /forceload: A Mojang provided command.
[07:25:22] [Server thread/INFO]: /function: A Mojang provided command.
[07:25:22] [Server thread/INFO]: /gamemode: A Mojang provided command.
[07:25:22] [Server thread/INFO]: /gamerule: A Mojang provided command.
[07:25:22] [Server thread/INFO]: /give: A Mojang provided command.
[07:25:22] [Server thread/INFO]: /help: Shows the help menu
[07:25:22] [Server thread/INFO]: /item: A Mojang provided command.
[07:25:22] [Server thread/INFO]: /jfr: A Mojang provided command.
[07:25:22] [Server thread/INFO]: /kick: A Mojang provided command.
[07:25:22] [Server thread/INFO]: /kill: A Mojang provided command.
[07:25:22] [Server thread/INFO]: /list: A Mojang provided command.
[07:25:22] [Server thread/INFO]: /locate: A Mojang provided command.
[07:25:22] [Server thread/INFO]: /loot: A Mojang provided command.
[07:25:22] [Server thread/INFO]: /me: A Mojang provided command.
[07:25:22] [Server thread/INFO]: /minecraft:help: A Mojang provided command.
[07:25:22] [Server thread/INFO]: /minecraft:reload: A Mojang provided command.
[07:25:22] [Server thread/INFO]: /msg: A Mojang provided command.
[07:25:22] [Server thread/INFO]: /mspt: View server tick times
[07:25:22] [Server thread/INFO]: /op: A Mojang provided command.
[07:25:22] [Server thread/INFO]: /paper: Paper related commands
[07:25:22] [Server thread/INFO]: /pardon: A Mojang provided command.
[07:25:22] [Server thread/INFO]: /pardon-ip: A Mojang provided command.
[07:25:22] [Server thread/INFO]: /particle: A Mojang provided command.
[07:25:22] [Server thread/INFO]: /perf: A Mojang provided command.
[07:25:22] [Server thread/INFO]: /place: A Mojang provided command.
[07:25:22] [Server thread/INFO]: /playsound: A Mojang provided command.
[07:25:22] [Server thread/INFO]: /plugins: Gets a list of plugins running on the server
[07:25:22] [Server thread/INFO]: /recipe: A Mojang provided command.
[07:25:22] [Server thread/INFO]: /reload: Reloads the server configuration and plugins
[07:25:22] [Server thread/INFO]: /restart: Restarts the server
[07:25:22] [Server thread/INFO]: /return: A Mojang provided command.
[07:25:22] [Server thread/INFO]: /ride: A Mojang provided command.
[07:25:22] [Server thread/INFO]: /save-all: A Mojang provided command.
[07:25:22] [Server thread/INFO]: /save-off: A Mojang provided command.
[07:25:22] [Server thread/INFO]: /save-on: A Mojang provided command.
[07:25:22] [Server thread/INFO]: /say: A Mojang provided command.
[07:25:22] [Server thread/INFO]: /schedule: A Mojang provided command.
[07:25:22] [Server thread/INFO]: /scoreboard: A Mojang provided command.
[07:25:22] [Server thread/INFO]: /seed: A Mojang provided command.
[07:25:22] [Server thread/INFO]: /setblock: A Mojang provided command.
[07:25:22] [Server thread/INFO]: /setidletimeout: A Mojang provided command.
[07:25:22] [Server thread/INFO]: /setworldspawn: A Mojang provided command.
[07:25:22] [Server thread/INFO]: /spawnpoint: A Mojang provided command.
[07:25:22] [Server thread/INFO]: /spectate: A Mojang provided command.
[07:25:22] [Server thread/INFO]: /spigot: Spigot related commands
[07:25:22] [Server thread/INFO]: /spreadplayers: A Mojang provided command.
[07:25:22] [Server thread/INFO]: /stop: A Mojang provided command.
[07:25:22] [Server thread/INFO]: /stopsound: A Mojang provided command.
[07:25:22] [Server thread/INFO]: /summon: A Mojang provided command.
[07:25:22] [Server thread/INFO]: /tag: A Mojang provided command.
[07:25:22] [Server thread/INFO]: /team: A Mojang provided command.
[07:25:22] [Server thread/INFO]: /teammsg: A Mojang provided command.
[07:25:22] [Server thread/INFO]: /teleport: A Mojang provided command.
[07:25:22] [Server thread/INFO]: /tell: A Mojang provided command.
[07:25:22] [Server thread/INFO]: /tellraw: A Mojang provided command.
[07:25:22] [Server thread/INFO]: /time: A Mojang provided command.
[07:25:22] [Server thread/INFO]: /timings: Manages Spigot Timings data to see performance of the server.
[07:25:22] [Server thread/INFO]: /title: A Mojang provided command.
[07:25:22] [Server thread/INFO]: /tm: A Mojang provided command.
[07:25:22] [Server thread/INFO]: /tp: A Mojang provided command.
[07:25:22] [Server thread/INFO]: /tps: Gets the current ticks per second for the server
[07:25:22] [Server thread/INFO]: /trigger: A Mojang provided command.
[07:25:22] [Server thread/INFO]: /version: Gets the version of this server including any plugins in use
[07:25:22] [Server thread/INFO]: /w: A Mojang provided command.
[07:25:22] [Server thread/INFO]: /weather: A Mojang provided command.
[07:25:22] [Server thread/INFO]: /whitelist: A Mojang provided command.
[07:25:22] [Server thread/INFO]: /worldborder: A Mojang provided command.
[07:25:22] [Server thread/INFO]: /xp: A Mojang provided command.
[07:25:30] [Server thread/INFO]: Unknown or incomplete command, see below for error
gamemode<--[HERE]
[07:31:00] [User Authenticator #0/INFO]: UUID of player soul_newacc is bfbc8744-5c2c-32dc-8ab0-6de8be2e7bfa
[07:31:00] [Server thread/INFO]: soul_newacc joined the game
[07:31:00] [Server thread/INFO]: soul_newacc[/[0:0:0:0:0:0:0:1%0]:44942] logged in with entity id 384 at ([world]10.5, 73.0, 23.5)
[07:31:30] [Server thread/INFO]: soul_newacc lost connection: Timed out
[07:31:30] [Server thread/INFO]: soul_newacc left the game
[07:32:36] [User Authenticator #1/INFO]: UUID of player soul_newacc is bfbc8744-5c2c-32dc-8ab0-6de8be2e7bfa
[07:32:36] [Server thread/INFO]: soul_newacc joined the game
[07:32:36] [Server thread/INFO]: soul_newacc[/[0:0:0:0:0:0:0:1%0]:52568] logged in with entity id 528 at ([world]10.5, 73.0, 23.5)
[07:33:00] [Server thread/INFO]: soul_newacc issued server command: /plugins
[07:34:06] [Server thread/INFO]: [Not Secure] [Server] mogger
[07:34:12] [Server thread/INFO]: Made soul a server operator
[07:34:22] [Server thread/INFO]: Nothing changed. The player already is an operator
[07:34:27] [Server thread/INFO]: Unknown command. Type "/help" for help.
[07:34:31] [Server thread/INFO]: Made soul_newacc a server operator
[07:34:46] [Server thread/INFO]: soul_newacc issued server command: /gamemode creative
[07:34:46] [Server thread/INFO]: [soul_newacc: Set own game mode to Creative Mode]
[07:38:17] [Server thread/INFO]: soul_newacc issued server command: /give soul_newacc minecraft:netherite_sword
[07:38:17] [Server thread/INFO]: [soul_newacc: Gave 1 [Netherite Sword] to soul_newacc]
[07:38:32] [Server thread/INFO]: soul_newacc issued server command: /enchant soul_newacc minecraft:smite 32000
[07:38:41] [Server thread/INFO]: soul_newacc has made the advancement [Monster Hunter]
[07:39:42] [Server thread/INFO]: soul_newacc issued server command: /gamemode survival
[07:39:42] [Server thread/INFO]: [soul_newacc: Set own game mode to Survival Mode]
[07:40:00] [Server thread/INFO]: soul_newacc was blown up by soul_newacc
[07:40:18] [Server thread/INFO]: soul_newacc issued server command: /give soul_newacc minecraft:obsidian 1000
[07:40:18] [Server thread/INFO]: soul_newacc has made the advancement [Ice Bucket Challenge]
[07:40:18] [Server thread/INFO]: [soul_newacc: Gave 1000 [Obsidian] to soul_newacc]
[07:40:30] [Server thread/INFO]: soul_newacc issued server command: /give soul_newacc minecraft:end_crystal 1000
[07:40:30] [Server thread/INFO]: [soul_newacc: Gave 1000 [End Crystal] to soul_newacc]
[07:40:50] [Server thread/INFO]: soul_newacc issued server command: /give soul_newacc minecraft:enchanted_golden_apple 1000
[07:40:50] [Server thread/INFO]: [soul_newacc: Gave 1000 [Enchanted Golden Apple] to soul_newacc]
[07:43:13] [Server thread/INFO]: soul_newacc was blown up by soul_newacc
[07:43:49] [Server thread/INFO]: soul_newacc issued server command: /give soul_newacc minecraft:fire_charge 64
[07:43:49] [Server thread/INFO]: [soul_newacc: Gave 64 [Fire Charge] to soul_newacc]
[07:43:58] [Server thread/INFO]: soul_newacc has made the advancement [We Need to Go Deeper]
